Determining if the pthread_create exist failed with the following output:
Change Dir: /home/linus/code/GITHUB/sgm/build/CMakeFiles/CMakeTmp

Run Build Command:"/usr/bin/make" "cmTC_44996/fast"
/usr/bin/make -f CMakeFiles/cmTC_44996.dir/build.make CMakeFiles/cmTC_44996.dir/build
make[1]: Entering directory '/home/linus/code/GITHUB/sgm/build/CMakeFiles/CMakeTmp'
Building C object CMakeFiles/cmTC_44996.dir/CheckSymbolExists.c.o
/usr/bin/cc   -fPIC    -o CMakeFiles/cmTC_44996.dir/CheckSymbolExists.c.o   -c /home/linus/code/GITHUB/sgm/build/CMakeFiles/CMakeTmp/CheckSymbolExists.c
Linking C executable cmTC_44996
/usr/bin/cmake -E cmake_link_script CMakeFiles/cmTC_44996.dir/link.txt --verbose=1
/usr/bin/cc -fPIC     -rdynamic CMakeFiles/cmTC_44996.dir/CheckSymbolExists.c.o  -o cmTC_44996 
CMakeFiles/cmTC_44996.dir/CheckSymbolExists.c.o: In function `main':
CheckSymbolExists.c:(.text+0x1b): undefined reference to `pthread_create'
collect2: error: ld returned 1 exit status
CMakeFiles/cmTC_44996.dir/build.make:97: recipe for target 'cmTC_44996' failed
make[1]: *** [cmTC_44996] Error 1
make[1]: Leaving directory '/home/linus/code/GITHUB/sgm/build/CMakeFiles/CMakeTmp'
Makefile:126: recipe for target 'cmTC_44996/fast' failed
make: *** [cmTC_44996/fast] Error 2

File /home/linus/code/GITHUB/sgm/build/CMakeFiles/CMakeTmp/CheckSymbolExists.c:
/* */
#include <pthread.h>

int main(int argc, char** argv)
{
  (void)argv;
#ifndef pthread_create
  return ((int*)(&pthread_create))[argc];
#else
  (void)argc;
  return 0;
#endif
}

Determining if the function pthread_create exists in the pthreads failed with the following output:
Change Dir: /home/linus/code/GITHUB/sgm/build/CMakeFiles/CMakeTmp

Run Build Command:"/usr/bin/make" "cmTC_0fe85/fast"
/usr/bin/make -f CMakeFiles/cmTC_0fe85.dir/build.make CMakeFiles/cmTC_0fe85.dir/build
make[1]: Entering directory '/home/linus/code/GITHUB/sgm/build/CMakeFiles/CMakeTmp'
Building C object CMakeFiles/cmTC_0fe85.dir/CheckFunctionExists.c.o
/usr/bin/cc   -fPIC -DCHECK_FUNCTION_EXISTS=pthread_create   -o CMakeFiles/cmTC_0fe85.dir/CheckFunctionExists.c.o   -c /usr/share/cmake-3.10/Modules/CheckFunctionExists.c
Linking C executable cmTC_0fe85
/usr/bin/cmake -E cmake_link_script CMakeFiles/cmTC_0fe85.dir/link.txt --verbose=1
/usr/bin/cc -fPIC -DCHECK_FUNCTION_EXISTS=pthread_create    -rdynamic CMakeFiles/cmTC_0fe85.dir/CheckFunctionExists.c.o  -o cmTC_0fe85 -lpthreads 
/usr/bin/ld: cannot find -lpthreads
collect2: error: ld returned 1 exit status
CMakeFiles/cmTC_0fe85.dir/build.make:97: recipe for target 'cmTC_0fe85' failed
make[1]: *** [cmTC_0fe85] Error 1
make[1]: Leaving directory '/home/linus/code/GITHUB/sgm/build/CMakeFiles/CMakeTmp'
Makefile:126: recipe for target 'cmTC_0fe85/fast' failed
make: *** [cmTC_0fe85/fast] Error 2


